This is pdfTeX, Version 3.141592653-2.6-1.40.25 (TeX Live 2023/nixos.org) (preloaded format=pdflatex 1980.1.1)  9 APR 2024 17:20
entering extended mode
 restricted \write18 enabled.
 file:line:error style messages enabled.
 %&-line parsing enabled.
**latex.tex
(./latex.tex
LaTeX2e <2023-11-01> patch level 1
L3 programming layer <2024-02-20>
(/nix/store/k6pmph6ksy0vfmcfq4ml1nzmv4778ipy-texlive-2023-env-texmfdist/tex/latex/base/article.cls
Document Class: article 2023/05/17 v1.4n Standard LaTeX document class
(/nix/store/k6pmph6ksy0vfmcfq4ml1nzmv4778ipy-texlive-2023-env-texmfdist/tex/latex/base/size10.clo
File: size10.clo 2023/05/17 v1.4n Standard LaTeX file (size option)
)
\c@part=\count188
\c@section=\count189
\c@subsection=\count190
\c@subsubsection=\count191
\c@paragraph=\count192
\c@subparagraph=\count193
\c@figure=\count194
\c@table=\count195
\abovecaptionskip=\skip48
\belowcaptionskip=\skip49
\bibindent=\dimen140
) (/nix/store/k6pmph6ksy0vfmcfq4ml1nzmv4778ipy-texlive-2023-env-texmfdist/tex/latex/l3backend/l3backend-pdftex.def
File: l3backend-pdftex.def 2024-02-20 L3 backend support: PDF output (pdfTeX)
\l__color_backend_stack_int=\count196
\l__pdf_internal_box=\box51
) (./latex.aux)
\openout1 = `latex.aux'.

LaTeX Font Info:    Checking defaults for OML/cmm/m/it on input line 9.
LaTeX Font Info:    ... okay on input line 9.
LaTeX Font Info:    Checking defaults for OMS/cmsy/m/n on input line 9.
LaTeX Font Info:    ... okay on input line 9.
LaTeX Font Info:    Checking defaults for OT1/cmr/m/n on input line 9.
LaTeX Font Info:    ... okay on input line 9.
LaTeX Font Info:    Checking defaults for T1/cmr/m/n on input line 9.
LaTeX Font Info:    ... okay on input line 9.
LaTeX Font Info:    Checking defaults for TS1/cmr/m/n on input line 9.
LaTeX Font Info:    ... okay on input line 9.
LaTeX Font Info:    Checking defaults for OMX/cmex/m/n on input line 9.
LaTeX Font Info:    ... okay on input line 9.
LaTeX Font Info:    Checking defaults for U/cmr/m/n on input line 9.
LaTeX Font Info:    ... okay on input line 9.
LaTeX Font Info:    External font `cmex10' loaded for size
(Font)              <17.28> on input line 11.
LaTeX Font Info:    External font `cmex10' loaded for size
(Font)              <12> on input line 11.
LaTeX Font Info:    External font `cmex10' loaded for size
(Font)              <8> on input line 11.
LaTeX Font Info:    External font `cmex10' loaded for size
(Font)              <6> on input line 11.
LaTeX Font Info:    External font `cmex10' loaded for size
(Font)              <7> on input line 46.
LaTeX Font Info:    External font `cmex10' loaded for size
(Font)              <5> on input line 46.
 [1

{/nix/store/hkvvj71x44qncm37k91nw92s74ffj1yj-texlive-2023-env/share/texmf-var/fonts/map/pdftex/updmap/pdftex.map}]
LaTeX Font Info:    Trying to load font information for OMS+cmr on input line 97.
 (/nix/store/k6pmph6ksy0vfmcfq4ml1nzmv4778ipy-texlive-2023-env-texmfdist/tex/latex/base/omscmr.fd
File: omscmr.fd 2023/04/13 v2.5m Standard LaTeX font definitions
)
LaTeX Font Info:    Font shape `OMS/cmr/m/n' in size <10> not available
(Font)              Font shape `OMS/cmsy/m/n' tried instead on input line 97.
 [2{/nix/store/k6pmph6ksy0vfmcfq4ml1nzmv4778ipy-texlive-2023-env-texmfdist/fonts/enc/dvips/cm-super/cm-super-ts1.enc}] [3] (./latex.aux)
 ***********
LaTeX2e <2023-11-01> patch level 1
L3 programming layer <2024-02-20>
 ***********
 ) 
Here is how much of TeX's memory you used:
 494 strings out of 475230
 9615 string characters out of 5753042
 1932187 words of memory out of 5000000
 22747 multiletter control sequences out of 15000+600000
 563620 words of font info for 54 fonts, out of 8000000 for 9000
 430 hyphenation exceptions out of 8191
 35i,6n,50p,143b,196s stack positions out of 10000i,1000n,20000p,200000b,200000s
</nix/store/k6pmph6ksy0vfmcfq4ml1nzmv4778ipy-texlive-2023-env-texmfdist/fonts/type1/public/amsfonts/cm/cmbx10.pfb></nix/store/k6pmph6ksy0vfmcfq4ml1nzmv4778ipy-texlive-2023-env-texmfdist/fonts/type1/public/amsfonts/cm/cmbx12.pfb></nix/store/k6pmph6ksy0vfmcfq4ml1nzmv4778ipy-texlive-2023-env-texmfdist/fonts/type1/public/amsfonts/cm/cmr10.pfb></nix/store/k6pmph6ksy0vfmcfq4ml1nzmv4778ipy-texlive-2023-env-texmfdist/fonts/type1/public/amsfonts/cm/cmr12.pfb></nix/store/k6pmph6ksy0vfmcfq4ml1nzmv4778ipy-texlive-2023-env-texmfdist/fonts/type1/public/amsfonts/cm/cmr17.pfb></nix/store/k6pmph6ksy0vfmcfq4ml1nzmv4778ipy-texlive-2023-env-texmfdist/fonts/type1/public/amsfonts/cm/cmsy10.pfb></nix/store/k6pmph6ksy0vfmcfq4ml1nzmv4778ipy-texlive-2023-env-texmfdist/fonts/type1/public/amsfonts/cm/cmti10.pfb></nix/store/k6pmph6ksy0vfmcfq4ml1nzmv4778ipy-texlive-2023-env-texmfdist/fonts/type1/public/cm-super/sfrm1000.pfb>
Output written on latex.pdf (3 pages, 104619 bytes).
PDF statistics:
 55 PDF objects out of 1000 (max. 8388607)
 33 compressed objects within 1 object stream
 0 named destinations out of 1000 (max. 500000)
 1 words of extra memory for PDF output out of 10000 (max. 10000000)

